#
# There is insufficient memory for the Java Runtime Environment to continue.
# Native memory allocation (mmap) failed to map 170917888 bytes for committing reserved memory.
# Possible reasons:
#   The system is out of physical RAM or swap space
#   In 32 bit mode, the process size limit was hit
# Possible solutions:
#   Reduce memory load on the system
#   Increase physical memory or swap space
#   Check if swap backing store is full
#   Use 64 bit Java on a 64 bit OS
#   Decrease Java heap size (-Xmx/-Xms)
#   Decrease number of Java threads
#   Decrease Java thread stack sizes (-Xss)
#   Set larger code cache with -XX:ReservedCodeCacheSize=
# This output file may be truncated or incomplete.
#
#  Out of Memory Error (os_linux.cpp:2627), pid=15002, tid=0x00007ff1e52d3700
#
# JRE version: Java(TM) SE Runtime Environment (8.0_101-b13) (build 1.8.0_101-b13)
# Java VM: Java HotSpot(TM) 64-Bit Server VM (25.101-b13 mixed mode linux-amd64 compressed oops)
# Failed to write core dump. Core dumps have been disabled. To enable core dumping, try "ulimit -c unlimited" before starting Java again
#

---------------  T H R E A D  ---------------

Current thread (0x00007ff1f8078000):  VMThread [stack: 0x00007ff1e51d3000,0x00007ff1e52d4000] [id=15040]

Stack: [0x00007ff1e51d3000,0x00007ff1e52d4000],  sp=0x00007ff1e52d1fe0,  free space=1019k
Native frames: (J=compiled Java code, j=interpreted, Vv=VM code, C=native code)
V  [libjvm.so+0xac3f0a]  VMError::report_and_die()+0x2ba
V  [libjvm.so+0x4fbf9b]  report_vm_out_of_memory(char const*, int, unsigned long, VMErrorType, char const*)+0x8b
V  [libjvm.so+0x9222d3]  os::Linux::commit_memory_impl(char*, unsigned long, bool)+0x103
V  [libjvm.so+0x922829]  os::pd_commit_memory(char*, unsigned long, unsigned long, bool)+0x29
V  [libjvm.so+0x91cb2a]  os::commit_memory(char*, unsigned long, unsigned long, bool)+0x2a
V  [libjvm.so+0x991053]  PSVirtualSpace::expand_by(unsigned long)+0x53
V  [libjvm.so+0x992458]  PSYoungGen::resize_generation(unsigned long, unsigned long)+0xf8
V  [libjvm.so+0x9915b2]  PSYoungGen::resize(unsigned long, unsigned long)+0x22
V  [libjvm.so+0x98e88b]  PSScavenge::invoke_no_policy()+0xf3b
V  [libjvm.so+0x98f011]  PSScavenge::invoke()+0x41
V  [libjvm.so+0x945fc0]  ParallelScavengeHeap::failed_mem_allocate(unsigned long)+0x70
V  [libjvm.so+0xac5927]  VM_ParallelGCFailedAllocation::doit()+0x97
V  [libjvm.so+0xacd405]  VM_Operation::evaluate()+0x55
V  [libjvm.so+0xacb7da]  VMThread::evaluate_operation(VM_Operation*)+0xba
V  [libjvm.so+0xacbb5e]  VMThread::loop()+0x1ce
V  [libjvm.so+0xacbfd0]  VMThread::run()+0x70
V  [libjvm.so+0x924698]  java_start(Thread*)+0x108

VM_Operation (0x00007ff1dfffd970): ParallelGCFailedAllocation, mode: safepoint, requested by thread 0x00007ff1f8180000


---------------  P R O C E S S  ---------------

Java Threads: ( => current thread )
  0x00007ff1f8183000 JavaThread "pool-1-thread-4" [_thread_blocked, id=15090, stack(0x00007ff1dfcfd000,0x00007ff1dfdfe000)]
  0x00007ff1f8181800 JavaThread "pool-1-thread-3" [_thread_blocked, id=15089, stack(0x00007ff1dfdfe000,0x00007ff1dfeff000)]
  0x00007ff1f8180000 JavaThread "pool-1-thread-2" [_thread_blocked, id=15086, stack(0x00007ff1dfeff000,0x00007ff1e0000000)]
  0x00007ff1f817e800 JavaThread "pool-2-thread-1" [_thread_blocked, id=15085, stack(0x00007ff1e40cb000,0x00007ff1e41cc000)]
  0x00007ff1f817c800 JavaThread "pool-1-thread-1" [_thread_blocked, id=15082, stack(0x00007ff1e41cc000,0x00007ff1e42cd000)]
  0x00007ff1f80c8800 JavaThread "Service Thread" daemon [_thread_blocked, id=15068, stack(0x00007ff1e43ea000,0x00007ff1e44eb000)]
  0x00007ff1f80bd000 JavaThread "C1 CompilerThread2" daemon [_thread_blocked, id=15061, stack(0x00007ff1e44eb000,0x00007ff1e45ec000)]
  0x00007ff1f80bb800 JavaThread "C2 CompilerThread1" daemon [_thread_blocked, id=15058, stack(0x00007ff1e45ec000,0x00007ff1e46ed000)]
  0x00007ff1f80b8800 JavaThread "C2 CompilerThread0" daemon [_thread_blocked, id=15056, stack(0x00007ff1e46ed000,0x00007ff1e47ee000)]
  0x00007ff1f80b7000 JavaThread "Signal Dispatcher" daemon [_thread_blocked, id=15053, stack(0x00007ff1e47ee000,0x00007ff1e48ef000)]
  0x00007ff1f8084000 JavaThread "Finalizer" daemon [_thread_blocked, id=15051, stack(0x00007ff1e4fd1000,0x00007ff1e50d2000)]
  0x00007ff1f807f800 JavaThread "Reference Handler" daemon [_thread_blocked, id=15047, stack(0x00007ff1e50d2000,0x00007ff1e51d3000)]
  0x00007ff1f800a000 JavaThread "main" [_thread_blocked, id=15021, stack(0x00007ff1ff87a000,0x00007ff1ff97b000)]

Other Threads:
=>0x00007ff1f8078000 VMThread [stack: 0x00007ff1e51d3000,0x00007ff1e52d4000] [id=15040]
  0x00007ff1f80cb000 WatcherThread [stack: 0x00007ff1e42e9000,0x00007ff1e43ea000] [id=15072]

VM state:at safepoint (normal execution)

VM Mutex/Monitor currently owned by a thread:  ([mutex/lock_event])
[0x00007ff1f8006590] Threads_lock - owner thread: 0x00007ff1f8078000
[0x00007ff1f8006a90] Heap_lock - owner thread: 0x00007ff1f8180000

Heap:
 PSYoungGen      total 130048K, used 5098K [0x00000000eab00000, 0x00000000f2f00000, 0x0000000100000000)
  eden space 124928K, 0% used [0x00000000eab00000,0x00000000eab00000,0x00000000f2500000)
  from space 5120K, 99% used [0x00000000f2500000,0x00000000f29fabf8,0x00000000f2a00000)
  to   space 5120K, 0% used [0x00000000f2a00000,0x00000000f2a00000,0x00000000f2f00000)
 ParOldGen       total 83456K, used 41509K [0x00000000c0000000, 0x00000000c5180000, 0x00000000eab00000)
  object space 83456K, 49% used [0x00000000c0000000,0x00000000c2889508,0x00000000c5180000)
 Metaspace       used 6265K, capacity 7128K, committed 7424K, reserved 1056768K
  class space    used 615K, capacity 656K, committed 768K, reserved 1048576K

Card table byte_map: [0x00007ff1fc432000,0x00007ff1fc633000] byte_map_base: 0x00007ff1fbe32000

Marking Bits: (ParMarkBitMap*) 0x00007ff1fed53120
 Begin Bits: [0x00007ff1e6dfe000, 0x00007ff1e7dfe000)
 End Bits:   [0x00007ff1e7dfe000, 0x00007ff1e8dfe000)

Polling page: 0x00007ff1ff99c000

CodeCache: size=245760Kb used=6977Kb max_used=6977Kb free=238782Kb
 bounds [0x00007ff1e9000000, 0x00007ff1e96e0000, 0x00007ff1f8000000]
 total_blobs=2002 nmethods=1733 adapters=182
 compilation: enabled

Compilation events (10 events):
Event: 11.117 Thread 0x00007ff1f80bd000 nmethod 2177 0x00007ff1e96d26d0 code [0x00007ff1e96d2840, 0x00007ff1e96d29c8]
Event: 11.117 Thread 0x00007ff1f80bd000 2185       2       com.android.dx.cf.iface.StdFieldList::set (7 bytes)
Event: 11.123 Thread 0x00007ff1f80bd000 nmethod 2185 0x00007ff1e96d2a90 code [0x00007ff1e96d2c40, 0x00007ff1e96d3088]
Event: 11.123 Thread 0x00007ff1f80bd000 2187       2       com.android.dx.dex.file.AnnotationSetItem::<init> (83 bytes)
Event: 11.124 Thread 0x00007ff1f80bd000 nmethod 2187 0x00007ff1e96d3510 code [0x00007ff1e96d3700, 0x00007ff1e96d3f08]
Event: 11.124 Thread 0x00007ff1f80bd000 2193       2       com.android.dx.rop.code.LocalVariableInfo::<init> (82 bytes)
Event: 11.273 Thread 0x00007ff1f80bd000 nmethod 2193 0x00007ff1e96d45d0 code [0x00007ff1e96d47c0, 0x00007ff1e96d4d68]
Event: 11.273 Thread 0x00007ff1f80bd000 2217       2       com.android.dx.ssa.SsaRenamer$BlockRenamer::visitNonMoveInsn (14 bytes)
Event: 11.274 Thread 0x00007ff1f80bd000 nmethod 2217 0x00007ff1e96d5090 code [0x00007ff1e96d5200, 0x00007ff1e96d53b8]
Event: 11.274 Thread 0x00007ff1f80bd000 2211 %     3       com.android.dx.rop.cst.CstString::stringToUtf8Bytes @ 16 (175 bytes)

GC Heap History (9 events):
Event: 3.260 GC heap before
{Heap before GC invocations=1 (full 0):
 PSYoungGen      total 36352K, used 31232K [0x00000000eab00000, 0x00000000ed380000, 0x0000000100000000)
  eden space 31232K, 100% used [0x00000000eab00000,0x00000000ec980000,0x00000000ec980000)
  from space 5120K, 0% used [0x00000000ece80000,0x00000000ece80000,0x00000000ed380000)
  to   space 5120K, 0% used [0x00000000ec980000,0x00000000ec980000,0x00000000ece80000)
 ParOldGen       total 83456K, used 0K [0x00000000c0000000, 0x00000000c5180000, 0x00000000eab00000)
  object space 83456K, 0% used [0x00000000c0000000,0x00000000c0000000,0x00000000c5180000)
 Metaspace       used 5718K, capacity 6704K, committed 6784K, reserved 1056768K
  class space    used 591K, capacity 616K, committed 640K, reserved 1048576K
Event: 3.318 GC heap after
Heap after GC invocations=1 (full 0):
 PSYoungGen      total 36352K, used 5104K [0x00000000eab00000, 0x00000000ef200000, 0x0000000100000000)
  eden space 31232K, 0% used [0x00000000eab00000,0x00000000eab00000,0x00000000ec980000)
  from space 5120K, 99% used [0x00000000ec980000,0x00000000ece7c3a0,0x00000000ece80000)
  to   space 5120K, 0% used [0x00000000eed00000,0x00000000eed00000,0x00000000ef200000)
 ParOldGen       total 83456K, used 608K [0x00000000c0000000, 0x00000000c5180000, 0x00000000eab00000)
  object space 83456K, 0% used [0x00000000c0000000,0x00000000c00981d8,0x00000000c5180000)
 Metaspace       used 5718K, capacity 6704K, committed 6784K, reserved 1056768K
  class space    used 591K, capacity 616K, committed 640K, reserved 1048576K
}
Event: 4.230 GC heap before
{Heap before GC invocations=2 (full 0):
 PSYoungGen      total 36352K, used 36336K [0x00000000eab00000, 0x00000000ef200000, 0x0000000100000000)
  eden space 31232K, 100% used [0x00000000eab00000,0x00000000ec980000,0x00000000ec980000)
  from space 5120K, 99% used [0x00000000ec980000,0x00000000ece7c3a0,0x00000000ece80000)
  to   space 5120K, 0% used [0x00000000eed00000,0x00000000eed00000,0x00000000ef200000)
 ParOldGen       total 83456K, used 608K [0x00000000c0000000, 0x00000000c5180000, 0x00000000eab00000)
  object space 83456K, 0% used [0x00000000c0000000,0x00000000c00981d8,0x00000000c5180000)
 Metaspace       used 5819K, capacity 6832K, committed 7040K, reserved 1056768K
  class space    used 592K, capacity 616K, committed 640K, reserved 1048576K
Event: 4.357 GC heap after
Heap after GC invocations=2 (full 0):
 PSYoungGen      total 67584K, used 5097K [0x00000000eab00000, 0x00000000ef200000, 0x0000000100000000)
  eden space 62464K, 0% used [0x00000000eab00000,0x00000000eab00000,0x00000000ee800000)
  from space 5120K, 99% used [0x00000000eed00000,0x00000000ef1fa730,0x00000000ef200000)
  to   space 5120K, 0% used [0x00000000ee800000,0x00000000ee800000,0x00000000eed00000)
 ParOldGen       total 83456K, used 4173K [0x00000000c0000000, 0x00000000c5180000, 0x00000000eab00000)
  object space 83456K, 5% used [0x00000000c0000000,0x00000000c0413630,0x00000000c5180000)
 Metaspace       used 5819K, capacity 6832K, committed 7040K, reserved 1056768K
  class space    used 592K, capacity 616K, committed 640K, reserved 1048576K
}
Event: 5.809 GC heap before
{Heap before GC invocations=3 (full 0):
 PSYoungGen      total 67584K, used 67561K [0x00000000eab00000, 0x00000000ef200000, 0x0000000100000000)
  eden space 62464K, 100% used [0x00000000eab00000,0x00000000ee800000,0x00000000ee800000)
  from space 5120K, 99% used [0x00000000eed00000,0x00000000ef1fa730,0x00000000ef200000)
  to   space 5120K, 0% used [0x00000000ee800000,0x00000000ee800000,0x00000000eed00000)
 ParOldGen       total 83456K, used 4173K [0x00000000c0000000, 0x00000000c5180000, 0x00000000eab00000)
  object space 83456K, 5% used [0x00000000c0000000,0x00000000c0413630,0x00000000c5180000)
 Metaspace       used 5924K, capacity 6896K, committed 7040K, reserved 1056768K
  class space    used 594K, capacity 616K, committed 640K, reserved 1048576K
Event: 6.029 GC heap after
Heap after GC invocations=3 (full 0):
 PSYoungGen      total 67584K, used 5099K [0x00000000eab00000, 0x00000000f2f00000, 0x0000000100000000)
  eden space 62464K, 0% used [0x00000000eab00000,0x00000000eab00000,0x00000000ee800000)
  from space 5120K, 99% used [0x00000000ee800000,0x00000000eecfada0,0x00000000eed00000)
  to   space 5120K, 0% used [0x00000000f2a00000,0x00000000f2a00000,0x00000000f2f00000)
 ParOldGen       total 83456K, used 12552K [0x00000000c0000000, 0x00000000c5180000, 0x00000000eab00000)
  object space 83456K, 15% used [0x00000000c0000000,0x00000000c0c421d8,0x00000000c5180000)
 Metaspace       used 5924K, capacity 6896K, committed 7040K, reserved 1056768K
  class space    used 594K, capacity 616K, committed 640K, reserved 1048576K
}
Event: 7.069 GC heap before
{Heap before GC invocations=4 (full 0):
 PSYoungGen      total 67584K, used 67563K [0x00000000eab00000, 0x00000000f2f00000, 0x0000000100000000)
  eden space 62464K, 100% used [0x00000000eab00000,0x00000000ee800000,0x00000000ee800000)
  from space 5120K, 99% used [0x00000000ee800000,0x00000000eecfada0,0x00000000eed00000)
  to   space 5120K, 0% used [0x00000000f2a00000,0x00000000f2a00000,0x00000000f2f00000)
 ParOldGen       total 83456K, used 12552K [0x00000000c0000000, 0x00000000c5180000, 0x00000000eab00000)
  object space 83456K, 15% used [0x00000000c0000000,0x00000000c0c421d8,0x00000000c5180000)
 Metaspace       used 6056K, capacity 7000K, committed 7168K, reserved 1056768K
  class space    used 615K, capacity 656K, committed 768K, reserved 1048576K
Event: 7.303 GC heap after
Heap after GC invocations=4 (full 0):
 PSYoungGen      total 130048K, used 5098K [0x00000000eab00000, 0x00000000f2f00000, 0x0000000100000000)
  eden space 124928K, 0% used [0x00000000eab00000,0x00000000eab00000,0x00000000f2500000)
  from space 5120K, 99% used [0x00000000f2a00000,0x00000000f2efa918,0x00000000f2f00000)
  to   space 5120K, 0% used [0x00000000f2500000,0x00000000f2500000,0x00000000f2a00000)
 ParOldGen       total 83456K, used 21791K [0x00000000c0000000, 0x00000000c5180000, 0x00000000eab00000)
  object space 83456K, 26% used [0x00000000c0000000,0x00000000c1547f58,0x00000000c5180000)
 Metaspace       used 6056K, capacity 7000K, committed 7168K, reserved 1056768K
  class space    used 615K, capacity 656K, committed 768K, reserved 1048576K
}
Event: 12.011 GC heap before
{Heap before GC invocations=5 (full 0):
 PSYoungGen      total 130048K, used 130026K [0x00000000eab00000, 0x00000000f2f00000, 0x0000000100000000)
  eden space 124928K, 100% used [0x00000000eab00000,0x00000000f2500000,0x00000000f2500000)
  from space 5120K, 99% used [0x00000000f2a00000,0x00000000f2efa918,0x00000000f2f00000)
  to   space 5120K, 0% used [0x00000000f2500000,0x00000000f2500000,0x00000000f2a00000)
 ParOldGen       total 83456K, used 21791K [0x00000000c0000000, 0x00000000c5180000, 0x00000000eab00000)
  object space 83456K, 26% used [0x00000000c0000000,0x00000000c1547f58,0x00000000c5180000)
 Metaspace       used 6265K, capacity 7128K, committed 7424K, reserved 1056768K
  class space    used 615K, capacity 656K, committed 768K, reserved 1048576K

Deoptimization events (10 events):
Event: 5.400 Thread 0x00007ff1f8183000 Uncommon trap: reason=bimorphic action=maybe_recompile pc=0x00007ff1e92019e0 method=java.util.HashMap.getNode(ILjava/lang/Object;)Ljava/util/HashMap$Node; @ 126
Event: 5.646 Thread 0x00007ff1f8183000 Uncommon trap: reason=bimorphic action=maybe_recompile pc=0x00007ff1e92019e0 method=java.util.HashMap.getNode(ILjava/lang/Object;)Ljava/util/HashMap$Node; @ 126
Event: 6.093 Thread 0x00007ff1f8181800 Uncommon trap: reason=unstable_if action=reinterpret pc=0x00007ff1e945697c method=java.util.HashMap.putVal(ILjava/lang/Object;Ljava/lang/Object;ZZ)Ljava/lang/Object; @ 94
Event: 6.756 Thread 0x00007ff1f8181800 Uncommon trap: reason=unstable_if action=reinterpret pc=0x00007ff1e93ce5a0 method=com.android.dx.rop.code.RegisterSpec.equals(ILcom/android/dx/rop/type/TypeBearer;Lcom/android/dx/rop/code/LocalItem;)Z @ 42
Event: 6.820 Thread 0x00007ff1f8181800 Uncommon trap: reason=unstable_if action=reinterpret pc=0x00007ff1e9427bb0 method=java.util.HashMap.putVal(ILjava/lang/Object;Ljava/lang/Object;ZZ)Ljava/lang/Object; @ 162
Event: 6.970 Thread 0x00007ff1f8181800 Uncommon trap: reason=unstable_if action=reinterpret pc=0x00007ff1e9201910 method=java.util.HashMap.getNode(ILjava/lang/Object;)Ljava/util/HashMap$Node; @ 129
Event: 6.970 Thread 0x00007ff1f8181800 Uncommon trap: reason=unstable_if action=reinterpret pc=0x00007ff1e923a170 method=java.util.HashMap.getNode(ILjava/lang/Object;)Ljava/util/HashMap$Node; @ 84
Event: 8.619 Thread 0x00007ff1f8180000 Uncommon trap: reason=unstable_if action=reinterpret pc=0x00007ff1e955ebf4 method=com.android.dx.ssa.SCCP.simulateStmt(Lcom/android/dx/ssa/SsaInsn;)V @ 59
Event: 8.788 Thread 0x00007ff1f8180000 Uncommon trap: reason=uninitialized action=reinterpret pc=0x00007ff1e96220c8 method=com.android.dx.cf.code.BytecodeArray.parseInstruction(ILcom/android/dx/cf/code/BytecodeArray$Visitor;)I @ 1063
Event: 11.254 Thread 0x00007ff1f8183000 Uncommon trap: reason=unstable_if action=reinterpret pc=0x00007ff1e960fb3c method=com.android.dx.ssa.SsaRenamer$BlockRenamer.addMapping(ILcom/android/dx/rop/code/RegisterSpec;)V @ 120

Internal exceptions (6 events):
Event: 0.330 Thread 0x00007ff1f800a000 Exception <a 'java/lang/NoSuchMethodError': Method sun.misc.Unsafe.defineClass(Ljava/lang/String;[BII)Ljava/lang/Class; name or signature does not match> (0x00000000eab07cc0) thrown at [/HUDSON3/workspace/8-2-build-linux-amd64/jdk8u101/7261/hotspot/src/sh
Event: 0.330 Thread 0x00007ff1f800a000 Exception <a 'java/lang/NoSuchMethodError': Method sun.misc.Unsafe.prefetchRead(Ljava/lang/Object;J)V name or signature does not match> (0x00000000eab07fa8) thrown at [/HUDSON3/workspace/8-2-build-linux-amd64/jdk8u101/7261/hotspot/src/share/vm/prims/jni.c
Event: 3.969 Thread 0x00007ff1f8180000 Implicit null exception at 0x00007ff1e92d1763 to 0x00007ff1e92d3d3d
Event: 6.899 Thread 0x00007ff1f8181800 Exception <a 'java/lang/ArrayIndexOutOfBoundsException': 18> (0x00000000ee244428) thrown at [/HUDSON3/workspace/8-2-build-linux-amd64/jdk8u101/7261/hotspot/src/share/vm/interpreter/interpreterRuntime.cpp, line 366]
Event: 6.900 Thread 0x00007ff1f8181800 Exception <a 'java/lang/ArrayIndexOutOfBoundsException': 145> (0x00000000ee245fa8) thrown at [/HUDSON3/workspace/8-2-build-linux-amd64/jdk8u101/7261/hotspot/src/share/vm/interpreter/interpreterRuntime.cpp, line 366]
Event: 6.948 Thread 0x00007ff1f8181800 Exception <a 'java/lang/ArrayIndexOutOfBoundsException': 40> (0x00000000ee247290) thrown at [/HUDSON3/workspace/8-2-build-linux-amd64/jdk8u101/7261/hotspot/src/share/vm/interpreter/interpreterRuntime.cpp, line 366]

Events (10 events):
Event: 11.138 Thread 0x00007ff1f800a000 DEOPT PACKING pc=0x00007ff1e957973f sp=0x00007ff1ff978a10
Event: 11.138 Thread 0x00007ff1f800a000 DEOPT UNPACKING pc=0x00007ff1e9047633 sp=0x00007ff1ff978790 mode 0
Event: 11.140 Thread 0x00007ff1f800a000 DEOPT PACKING pc=0x00007ff1e930f6ca sp=0x00007ff1ff978560
Event: 11.140 Thread 0x00007ff1f800a000 DEOPT UNPACKING pc=0x00007ff1e9047633 sp=0x00007ff1ff978348 mode 0
Event: 11.160 Thread 0x00007ff1f800a000 DEOPT PACKING pc=0x00007ff1e952f7d4 sp=0x00007ff1ff978830
Event: 11.160 Thread 0x00007ff1f800a000 DEOPT UNPACKING pc=0x00007ff1e9047633 sp=0x00007ff1ff9785e0 mode 0
Event: 11.254 Thread 0x00007ff1f8183000 Uncommon trap: trap_request=0xffffff65 fr.pc=0x00007ff1e960fb3c
Event: 11.254 Thread 0x00007ff1f8183000 DEOPT PACKING pc=0x00007ff1e960fb3c sp=0x00007ff1dfdfbcf0
Event: 11.254 Thread 0x00007ff1f8183000 DEOPT UNPACKING pc=0x00007ff1e9005229 sp=0x00007ff1dfdfbbd0 mode 2
Event: 11.751 Executing VM operation: ParallelGCFailedAllocation


Dynamic libraries:
00400000-00401000 r-xp 00000000 08:01 12462308                           /usr/lib/jvm/java-8-oracle/bin/java
00600000-00601000 rw-p 00000000 08:01 12462308                           /usr/lib/jvm/java-8-oracle/bin/java
00f15000-00f36000 rw-p 00000000 00:00 0                                  [heap]
c0000000-c5180000 rw-p 00000000 00:00 0 
c5180000-eab00000 ---p 00000000 00:00 0 
eab00000-f2f00000 rw-p 00000000 00:00 0 
fd200000-100000000 ---p 00000000 00:00 0 
100000000-1000c0000 rw-p 00000000 00:00 0 
1000c0000-140000000 ---p 00000000 00:00 0 
7ff198000000-7ff198034000 rw-p 00000000 00:00 0 
7ff198034000-7ff19c000000 ---p 00000000 00:00 0 
7ff19c000000-7ff19c021000 rw-p 00000000 00:00 0 
7ff19c021000-7ff1a0000000 ---p 00000000 00:00 0 
7ff1a0000000-7ff1a0021000 rw-p 00000000 00:00 0 
7ff1a0021000-7ff1a4000000 ---p 00000000 00:00 0 
7ff1a4000000-7ff1a4021000 rw-p 00000000 00:00 0 
7ff1a4021000-7ff1a8000000 ---p 00000000 00:00 0 
7ff1a8000000-7ff1a8021000 rw-p 00000000 00:00 0 
7ff1a8021000-7ff1ac000000 ---p 00000000 00:00 0 
7ff1ac000000-7ff1ac02f000 rw-p 00000000 00:00 0 
7ff1ac02f000-7ff1b0000000 ---p 00000000 00:00 0 
7ff1b0000000-7ff1b06ce000 rw-p 00000000 00:00 0 
7ff1b06ce000-7ff1b4000000 ---p 00000000 00:00 0 
7ff1b4000000-7ff1b4021000 rw-p 00000000 00:00 0 
7ff1b4021000-7ff1b8000000 ---p 00000000 00:00 0 
7ff1b8000000-7ff1b8c7a000 rw-p 00000000 00:00 0 
7ff1b8c7a000-7ff1bc000000 ---p 00000000 00:00 0 
7ff1bc000000-7ff1bc69f000 rw-p 00000000 00:00 0 
7ff1bc69f000-7ff1c0000000 ---p 00000000 00:00 0 
7ff1c0000000-7ff1c0021000 rw-p 00000000 00:00 0 
7ff1c0021000-7ff1c4000000 ---p 00000000 00:00 0 
7ff1c4000000-7ff1c4021000 rw-p 00000000 00:00 0 
7ff1c4021000-7ff1c8000000 ---p 00000000 00:00 0 
7ff1c8000000-7ff1c8295000 rw-p 00000000 00:00 0 
7ff1c8295000-7ff1cc000000 ---p 00000000 00:00 0 
7ff1cc000000-7ff1cc021000 rw-p 00000000 00:00 0 
7ff1cc021000-7ff1d0000000 ---p 00000000 00:00 0 
7ff1d0000000-7ff1d0021000 rw-p 00000000 00:00 0 
7ff1d0021000-7ff1d4000000 ---p 00000000 00:00 0 
7ff1d4000000-7ff1d4021000 rw-p 00000000 00:00 0 
7ff1d4021000-7ff1d8000000 ---p 00000000 00:00 0 
7ff1d8000000-7ff1d8021000 rw-p 00000000 00:00 0 
7ff1d8021000-7ff1dc000000 ---p 00000000 00:00 0 
7ff1dfcfd000-7ff1dfd00000 ---p 00000000 00:00 0 
7ff1dfd00000-7ff1dfdfe000 rw-p 00000000 00:00 0 
7ff1dfdfe000-7ff1dfe01000 ---p 00000000 00:00 0 
7ff1dfe01000-7ff1dfeff000 rw-p 00000000 00:00 0 
7ff1dfeff000-7ff1dff02000 ---p 00000000 00:00 0 
7ff1dff02000-7ff1e0000000 rw-p 00000000 00:00 0 
7ff1e0000000-7ff1e0021000 rw-p 00000000 00:00 0 
7ff1e0021000-7ff1e4000000 ---p 00000000 00:00 0 
7ff1e40cb000-7ff1e40ce000 ---p 00000000 00:00 0 
7ff1e40ce000-7ff1e41cc000 rw-p 00000000 00:00 0 
7ff1e41cc000-7ff1e41cf000 ---p 00000000 00:00 0 
7ff1e41cf000-7ff1e42cd000 rw-p 00000000 00:00 0 
7ff1e42cd000-7ff1e42db000 r--s 000b8000 08:01 6423423                    /home/mobi24/Desktop/ClorderClient/ClorderClientApp/ClorderClientApp/app/build/intermediates/exploded-aar/com.facebook.android/facebook-android-sdk/4.15.0/jars/classes.jar
7ff1e42db000-7ff1e42e9000 r--s 000e0000 08:01 4069167                    /home/mobi24/android-sdk-linux/build-tools/24.0.3/lib/dx.jar
7ff1e42e9000-7ff1e42ea000 ---p 00000000 00:00 0 
7ff1e42ea000-7ff1e43ea000 rw-p 00000000 00:00 0 
7ff1e43ea000-7ff1e43ed000 ---p 00000000 00:00 0 
7ff1e43ed000-7ff1e44eb000 rw-p 00000000 00:00 0 
7ff1e44eb000-7ff1e44ee000 ---p 00000000 00:00 0 
7ff1e44ee000-7ff1e45ec000 rw-p 00000000 00:00 0 
7ff1e45ec000-7ff1e45ef000 ---p 00000000 00:00 0 
7ff1e45ef000-7ff1e46ed000 rw-p 00000000 00:00 0 
7ff1e46ed000-7ff1e46f0000 ---p 00000000 00:00 0 
7ff1e46f0000-7ff1e47ee000 rw-p 00000000 00:00 0 
7ff1e47ee000-7ff1e47f1000 ---p 00000000 00:00 0 
7ff1e47f1000-7ff1e48ef000 rw-p 00000000 00:00 0 
7ff1e48ef000-7ff1e4fd1000 r--p 00000000 08:01 12327512                   /usr/lib/locale/locale-archive
7ff1e4fd1000-7ff1e4fd4000 ---p 00000000 00:00 0 
7ff1e4fd4000-7ff1e50d2000 rw-p 00000000 00:00 0 
7ff1e50d2000-7ff1e50d5000 ---p 00000000 00:00 0 
7ff1e50d5000-7ff1e51d3000 rw-p 00000000 00:00 0 
7ff1e51d3000-7ff1e51d4000 ---p 00000000 00:00 0 
7ff1e51d4000-7ff1e6225000 rw-p 00000000 00:00 0 
7ff1e6225000-7ff1e63fe000 r--s 03d29000 08:01 12462350                   /usr/lib/jvm/java-8-oracle/jre/lib/rt.jar
7ff1e63fe000-7ff1e6a7e000 rw-p 00000000 00:00 0 
7ff1e6a7e000-7ff1e6bfe000 ---p 00000000 00:00 0 
7ff1e6bfe000-7ff1e8dfe000 rw-p 00000000 00:00 0 
7ff1e8dfe000-7ff1e8dff000 ---p 00000000 00:00 0 
7ff1e8dff000-7ff1e8eff000 rw-p 00000000 00:00 0 
7ff1e8eff000-7ff1e8f00000 ---p 00000000 00:00 0 
7ff1e8f00000-7ff1e9000000 rw-p 00000000 00:00 0 
7ff1e9000000-7ff1e96e0000 rwxp 00000000 00:00 0 
7ff1e96e0000-7ff1f8000000 ---p 00000000 00:00 0 
7ff1f8000000-7ff1f83ca000 rw-p 00000000 00:00 0 
7ff1f83ca000-7ff1fc000000 ---p 00000000 00:00 0 
7ff1fc001000-7ff1fc0da000 rw-p 00000000 00:00 0 
7ff1fc0da000-7ff1fc0db000 ---p 00000000 00:00 0 
7ff1fc0db000-7ff1fc1db000 rw-p 00000000 00:00 0 
7ff1fc1db000-7ff1fc1dc000 ---p 00000000 00:00 0 
7ff1fc1dc000-7ff1fc305000 rw-p 00000000 00:00 0 
7ff1fc305000-7ff1fc432000 ---p 00000000 00:00 0 
7ff1fc432000-7ff1fc45b000 rw-p 00000000 00:00 0 
7ff1fc45b000-7ff1fc587000 ---p 00000000 00:00 0 
7ff1fc587000-7ff1fc5ca000 rw-p 00000000 00:00 0 
7ff1fc5ca000-7ff1fc632000 ---p 00000000 00:00 0 
7ff1fc632000-7ff1fc64f000 rw-p 00000000 00:00 0 
7ff1fc64f000-7ff1fc9f3000 ---p 00000000 00:00 0 
7ff1fc9f3000-7ff1fca0d000 r-xp 00000000 08:01 12462376                   /usr/lib/jvm/java-8-oracle/jre/lib/amd64/libzip.so
7ff1fca0d000-7ff1fcc0d000 ---p 0001a000 08:01 12462376                   /usr/lib/jvm/java-8-oracle/jre/lib/amd64/libzip.so
7ff1fcc0d000-7ff1fcc0e000 rw-p 0001a000 08:01 12462376                   /usr/lib/jvm/java-8-oracle/jre/lib/amd64/libzip.so
7ff1fcc0e000-7ff1fcc18000 r-xp 00000000 08:01 6557477                    /lib/x86_64-linux-gnu/libnss_files-2.19.so
7ff1fcc18000-7ff1fce17000 ---p 0000a000 08:01 6557477                    /lib/x86_64-linux-gnu/libnss_files-2.19.so
7ff1fce17000-7ff1fce18000 r--p 00009000 08:01 6557477                    /lib/x86_64-linux-gnu/libnss_files-2.19.so
7ff1fce18000-7ff1fce19000 rw-p 0000a000 08:01 6557477                    /lib/x86_64-linux-gnu/libnss_files-2.19.so
7ff1fce19000-7ff1fce24000 r-xp 00000000 08:01 6557469                    /lib/x86_64-linux-gnu/libnss_nis-2.19.so
7ff1fce24000-7ff1fd023000 ---p 0000b000 08:01 6557469                    /lib/x86_64-linux-gnu/libnss_nis-2.19.so
7ff1fd023000-7ff1fd024000 r--p 0000a000 08:01 6557469                    /lib/x86_64-linux-gnu/libnss_nis-2.19.so
7ff1fd024000-7ff1fd025000 rw-p 0000b000 08:01 6557469                    /lib/x86_64-linux-gnu/libnss_nis-2.19.so
7ff1fd025000-7ff1fd03c000 r-xp 00000000 08:01 6557465                    /lib/x86_64-linux-gnu/libnsl-2.19.so
7ff1fd03c000-7ff1fd23b000 ---p 00017000 08:01 6557465                    /lib/x86_64-linux-gnu/libnsl-2.19.so
7ff1fd23b000-7ff1fd23c000 r--p 00016000 08:01 6557465                    /lib/x86_64-linux-gnu/libnsl-2.19.so
7ff1fd23c000-7ff1fd23d000 rw-p 00017000 08:01 6557465                    /lib/x86_64-linux-gnu/libnsl-2.19.so
7ff1fd23d000-7ff1fd23f000 rw-p 00000000 00:00 0 
7ff1fd23f000-7ff1fd248000 r-xp 00000000 08:01 6557464                    /lib/x86_64-linux-gnu/libnss_compat-2.19.so
7ff1fd248000-7ff1fd447000 ---p 00009000 08:01 6557464                    /lib/x86_64-linux-gnu/libnss_compat-2.19.so
7ff1fd447000-7ff1fd448000 r--p 00008000 08:01 6557464                    /lib/x86_64-linux-gnu/libnss_compat-2.19.so
7ff1fd448000-7ff1fd449000 rw-p 00009000 08:01 6557464                    /lib/x86_64-linux-gnu/libnss_compat-2.19.so
7ff1fd449000-7ff1fd473000 r-xp 00000000 08:01 12463038                   /usr/lib/jvm/java-8-oracle/jre/lib/amd64/libjava.so
7ff1fd473000-7ff1fd673000 ---p 0002a000 08:01 12463038                   /usr/lib/jvm/java-8-oracle/jre/lib/amd64/libjava.so
7ff1fd673000-7ff1fd675000 rw-p 0002a000 08:01 12463038                   /usr/lib/jvm/java-8-oracle/jre/lib/amd64/libjava.so
7ff1fd675000-7ff1fd682000 r-xp 00000000 08:01 12463062                   /usr/lib/jvm/java-8-oracle/jre/lib/amd64/libverify.so
7ff1fd682000-7ff1fd882000 ---p 0000d000 08:01 12463062                   /usr/lib/jvm/java-8-oracle/jre/lib/amd64/libverify.so
7ff1fd882000-7ff1fd884000 rw-p 0000d000 08:01 12463062                   /usr/lib/jvm/java-8-oracle/jre/lib/amd64/libverify.so
7ff1fd884000-7ff1fd88b000 r-xp 00000000 08:01 6557473                    /lib/x86_64-linux-gnu/librt-2.19.so
7ff1fd88b000-7ff1fda8a000 ---p 00007000 08:01 6557473                    /lib/x86_64-linux-gnu/librt-2.19.so
7ff1fda8a000-7ff1fda8b000 r--p 00006000 08:01 6557473                    /lib/x86_64-linux-gnu/librt-2.19.so
7ff1fda8b000-7ff1fda8c000 rw-p 00007000 08:01 6557473                    /lib/x86_64-linux-gnu/librt-2.19.so
7ff1fda8c000-7ff1fdb91000 r-xp 00000000 08:01 6557459                    /lib/x86_64-linux-gnu/libm-2.19.so
7ff1fdb91000-7ff1fdd90000 ---p 00105000 08:01 6557459                    /lib/x86_64-linux-gnu/libm-2.19.so
7ff1fdd90000-7ff1fdd91000 r--p 00104000 08:01 6557459                    /lib/x86_64-linux-gnu/libm-2.19.so
7ff1fdd91000-7ff1fdd92000 rw-p 00105000 08:01 6557459                    /lib/x86_64-linux-gnu/libm-2.19.so
7ff1fdd92000-7ff1fea5d000 r-xp 00000000 08:01 12462378                   /usr/lib/jvm/java-8-oracle/jre/lib/amd64/server/libjvm.so
7ff1fea5d000-7ff1fec5c000 ---p 00ccb000 08:01 12462378                   /usr/lib/jvm/java-8-oracle/jre/lib/amd64/server/libjvm.so
7ff1fec5c000-7ff1fed35000 rw-p 00cca000 08:01 12462378                   /usr/lib/jvm/java-8-oracle/jre/lib/amd64/server/libjvm.so
7ff1fed35000-7ff1fed80000 rw-p 00000000 00:00 0 
7ff1fed80000-7ff1fef3a000 r-xp 00000000 08:01 6557474                    /lib/x86_64-linux-gnu/libc-2.19.so
7ff1fef3a000-7ff1ff13a000 ---p 001ba000 08:01 6557474                    /lib/x86_64-linux-gnu/libc-2.19.so
7ff1ff13a000-7ff1ff13e000 r--p 001ba000 08:01 6557474                    /lib/x86_64-linux-gnu/libc-2.19.so
7ff1ff13e000-7ff1ff140000 rw-p 001be000 08:01 6557474                    /lib/x86_64-linux-gnu/libc-2.19.so
7ff1ff140000-7ff1ff145000 rw-p 00000000 00:00 0 
7ff1ff145000-7ff1ff148000 r-xp 00000000 08:01 6557461                    /lib/x86_64-linux-gnu/libdl-2.19.so
7ff1ff148000-7ff1ff347000 ---p 00003000 08:01 6557461                    /lib/x86_64-linux-gnu/libdl-2.19.so
7ff1ff347000-7ff1ff348000 r--p 00002000 08:01 6557461                    /lib/x86_64-linux-gnu/libdl-2.19.so
7ff1ff348000-7ff1ff349000 rw-p 00003000 08:01 6557461                    /lib/x86_64-linux-gnu/libdl-2.19.so
7ff1ff349000-7ff1ff35e000 r-xp 00000000 08:01 12326393                   /usr/lib/jvm/java-8-oracle/lib/amd64/jli/libjli.so
7ff1ff35e000-7ff1ff55e000 ---p 00015000 08:01 12326393                   /usr/lib/jvm/java-8-oracle/lib/amd64/jli/libjli.so
7ff1ff55e000-7ff1ff55f000 rw-p 00015000 08:01 12326393                   /usr/lib/jvm/java-8-oracle/lib/amd64/jli/libjli.so
7ff1ff55f000-7ff1ff578000 r-xp 00000000 08:01 6557466                    /lib/x86_64-linux-gnu/libpthread-2.19.so
7ff1ff578000-7ff1ff777000 ---p 00019000 08:01 6557466                    /lib/x86_64-linux-gnu/libpthread-2.19.so
7ff1ff777000-7ff1ff778000 r--p 00018000 08:01 6557466                    /lib/x86_64-linux-gnu/libpthread-2.19.so
7ff1ff778000-7ff1ff779000 rw-p 00019000 08:01 6557466                    /lib/x86_64-linux-gnu/libpthread-2.19.so
7ff1ff779000-7ff1ff77d000 rw-p 00000000 00:00 0 
7ff1ff77d000-7ff1ff7a0000 r-xp 00000000 08:01 6557467                    /lib/x86_64-linux-gnu/ld-2.19.so
7ff1ff7a7000-7ff1ff87a000 rw-p 00000000 00:00 0 
7ff1ff87a000-7ff1ff87d000 ---p 00000000 00:00 0 
7ff1ff87d000-7ff1ff993000 rw-p 00000000 00:00 0 
7ff1ff993000-7ff1ff99b000 rw-s 00000000 08:01 10251357                   /tmp/hsperfdata_mobi24/15002
7ff1ff99b000-7ff1ff99c000 rw-p 00000000 00:00 0 
7ff1ff99c000-7ff1ff99d000 ---p 00000000 00:00 0 
7ff1ff99d000-7ff1ff99f000 rw-p 00000000 00:00 0 
7ff1ff99f000-7ff1ff9a0000 r--p 00022000 08:01 6557467                    /lib/x86_64-linux-gnu/ld-2.19.so
7ff1ff9a0000-7ff1ff9a1000 rw-p 00023000 08:01 6557467                    /lib/x86_64-linux-gnu/ld-2.19.so
7ff1ff9a1000-7ff1ff9a2000 rw-p 00000000 00:00 0 
7ffd3781b000-7ffd3783c000 rw-p 00000000 00:00 0                          [stack]
7ffd379f9000-7ffd379fb000 r--p 00000000 00:00 0                          [vvar]
7ffd379fb000-7ffd379fd000 r-xp 00000000 00:00 0                          [vdso]
ffffffffff600000-ffffffffff601000 r-xp 00000000 00:00 0                  [vsyscall]

VM Arguments:
jvm_args: -Djava.awt.headless=true -Xmx1024M -Dfile.encoding=UTF-8 -Duser.country=IN -Duser.language=en -Duser.variant 
java_command: com.android.dx.command.Main --dex --num-threads=4 --output /home/mobi24/Desktop/ClorderClient/ClorderClientApp/ClorderClientApp/app/build/intermediates/pre-dexed/debug/com.facebook.android-facebook-android-sdk-4.15.0_121908974cfe57086a930202c7a80095c2850baf.jar /home/mobi24/Desktop/ClorderClient/ClorderClientApp/ClorderClientApp/app/build/intermediates/exploded-aar/com.facebook.android/facebook-android-sdk/4.15.0/jars/classes.jar
java_class_path (initial): /home/mobi24/android-sdk-linux/build-tools/24.0.3/lib/dx.jar
Launcher Type: SUN_STANDARD

Environment Variables:
PATH=/usr/local/sbin:/usr/local/bin:/usr/sbin:/usr/bin:/sbin:/bin:/usr/games:/usr/local/games
LD_LIBRARY_PATH=.:
SHELL=/bin/bash
DISPLAY=:0

Signal Handlers:
SIGSEGV: [libjvm.so+0xac4790], sa_mask[0]=11111111011111111101111111111110, sa_flags=SA_RESTART|SA_SIGINFO
SIGBUS: [libjvm.so+0xac4790], sa_mask[0]=11111111011111111101111111111110, sa_flags=SA_RESTART|SA_SIGINFO
SIGFPE: [libjvm.so+0x91f140], sa_mask[0]=11111111011111111101111111111110, sa_flags=SA_RESTART|SA_SIGINFO
SIGPIPE: [libjvm.so+0x91f140], sa_mask[0]=11111111011111111101111111111110, sa_flags=SA_RESTART|SA_SIGINFO
SIGXFSZ: [libjvm.so+0x91f140], sa_mask[0]=11111111011111111101111111111110, sa_flags=SA_RESTART|SA_SIGINFO
SIGILL: [libjvm.so+0x91f140], sa_mask[0]=11111111011111111101111111111110, sa_flags=SA_RESTART|SA_SIGINFO
SIGUSR1: SIG_DFL, sa_mask[0]=00000000000000000000000000000000, sa_flags=none
SIGUSR2: [libjvm.so+0x920770], sa_mask[0]=00100000000000000000000000000000, sa_flags=SA_RESTART|SA_SIGINFO
SIGHUP: [libjvm.so+0x921b70], sa_mask[0]=11111111011111111101111111111110, sa_flags=SA_RESTART|SA_SIGINFO
SIGINT: [libjvm.so+0x921b70], sa_mask[0]=11111111011111111101111111111110, sa_flags=SA_RESTART|SA_SIGINFO
SIGTERM: [libjvm.so+0x921b70], sa_mask[0]=11111111011111111101111111111110, sa_flags=SA_RESTART|SA_SIGINFO
SIGQUIT: [libjvm.so+0x921b70], sa_mask[0]=11111111011111111101111111111110, sa_flags=SA_RESTART|SA_SIGINFO


---------------  S Y S T E M  ---------------

OS:DISTRIB_ID=Ubuntu
DISTRIB_RELEASE=14.04
DISTRIB_CODENAME=trusty
DISTRIB_DESCRIPTION="Ubuntu 14.04.5 LTS"

uname:Linux 4.4.0-38-generic #57~14.04.1-Ubuntu SMP Tue Sep 6 17:20:43 UTC 2016 x86_64
libc:glibc 2.19 NPTL 2.19 
rlimit: STACK 8192k, CORE 0k, NPROC 30873, NOFILE 4096, AS infinity
load average:39.99 14.48 5.54

/proc/meminfo:
MemTotal:        7927836 kB
MemFree:          131256 kB
MemAvailable:      40132 kB
Buffers:            1424 kB
Cached:           420724 kB
SwapCached:            0 kB
Active:          7179556 kB
Inactive:         351148 kB
Active(anon):    7159756 kB
Inactive(anon):   336084 kB
Active(file):      19800 kB
Inactive(file):    15064 kB
Unevictable:         172 kB
Mlocked:             172 kB
SwapTotal:             0 kB
SwapFree:              0 kB
Dirty:               132 kB
Writeback:             0 kB
AnonPages:       7109552 kB
Mapped:           195040 kB
Shmem:            386460 kB
Slab:             109460 kB
SReclaimable:      60968 kB
SUnreclaim:        48492 kB
KernelStack:       16768 kB
PageTables:        75728 kB
NFS_Unstable:          0 kB
Bounce:                0 kB
WritebackTmp:          0 kB
CommitLimit:     3963916 kB
Committed_AS:   17731048 kB
VmallocTotal:   34359738367 kB
VmallocUsed:           0 kB
VmallocChunk:          0 kB
HardwareCorrupted:     0 kB
AnonHugePages:   2734080 kB
CmaTotal:              0 kB
CmaFree:               0 kB
HugePages_Total:       0
HugePages_Free:        0
HugePages_Rsvd:        0
HugePages_Surp:        0
Hugepagesize:       2048 kB
DirectMap4k:      219904 kB
DirectMap2M:     7919616 kB
DirectMap1G:     1048576 kB


CPU:total 4 (2 cores per cpu, 2 threads per core) family 6 model 60 stepping 3, cmov, cx8, fxsr, mmx, sse, sse2, sse3, ssse3, sse4.1, sse4.2, popcnt, avx, avx2, aes, clmul, erms, lzcnt, ht, tsc, tscinvbit, bmi1, bmi2

/proc/cpuinfo:
processor	: 0
vendor_id	: GenuineIntel
cpu family	: 6
model		: 60
model name	: Intel(R) Core(TM) i5-4200M CPU @ 2.50GHz
stepping	: 3
microcode	: 0x9
cpu MHz		: 1100.000
cache size	: 3072 KB
physical id	: 0
siblings	: 4
core id		: 0
cpu cores	: 2
apicid		: 0
initial apicid	: 0
fpu		: yes
fpu_exception	: yes
cpuid level	: 13
wp		: yes
flags		: fpu vme de pse tsc msr pae mce cx8 apic sep mtrr pge mca cmov pat pse36 clflush dts acpi mmx fxsr sse sse2 ss ht tm pbe syscall nx pdpe1gb rdtscp lm constant_tsc arch_perfmon pebs bts rep_good nopl xtopology nonstop_tsc aperfmperf eagerfpu pni pclmulqdq dtes64 monitor ds_cpl vmx est tm2 ssse3 sdbg fma cx16 xtpr pdcm pcid sse4_1 sse4_2 movbe popcnt tsc_deadline_timer aes xsave avx f16c rdrand lahf_lm abm epb tpr_shadow vnmi flexpriority ept vpid fsgsbase tsc_adjust bmi1 avx2 smep bmi2 erms invpcid xsaveopt dtherm ida arat pln pts
bugs		:
bogomips	: 4988.61
clflush size	: 64
cache_alignment	: 64
address sizes	: 39 bits physical, 48 bits virtual
power management:

processor	: 1
vendor_id	: GenuineIntel
cpu family	: 6
model		: 60
model name	: Intel(R) Core(TM) i5-4200M CPU @ 2.50GHz
stepping	: 3
microcode	: 0x9
cpu MHz		: 1094.824
cache size	: 3072 KB
physical id	: 0
siblings	: 4
core id		: 0
cpu cores	: 2
apicid		: 1
initial apicid	: 1
fpu		: yes
fpu_exception	: yes
cpuid level	: 13
wp		: yes
flags		: fpu vme de pse tsc msr pae mce cx8 apic sep mtrr pge mca cmov pat pse36 clflush dts acpi mmx fxsr sse sse2 ss ht tm pbe syscall nx pdpe1gb rdtscp lm constant_tsc arch_perfmon pebs bts rep_good nopl xtopology nonstop_tsc aperfmperf eagerfpu pni pclmulqdq dtes64 monitor ds_cpl vmx est tm2 ssse3 sdbg fma cx16 xtpr pdcm pcid sse4_1 sse4_2 movbe popcnt tsc_deadline_timer aes xsave avx f16c rdrand lahf_lm abm epb tpr_shadow vnmi flexpriority ept vpid fsgsbase tsc_adjust bmi1 avx2 smep bmi2 erms invpcid xsaveopt dtherm ida arat pln pts
bugs		:
bogomips	: 4988.61
clflush size	: 64
cache_alignment	: 64
address sizes	: 39 bits physical, 48 bits virtual
power management:

processor	: 2
vendor_id	: GenuineIntel
cpu family	: 6
model		: 60
model name	: Intel(R) Core(TM) i5-4200M CPU @ 2.50GHz
stepping	: 3
microcode	: 0x9
cpu MHz		: 900.000
cache size	: 3072 KB
physical id	: 0
siblings	: 4
core id		: 1
cpu cores	: 2
apicid		: 2
initial apicid	: 2
fpu		: yes
fpu_exception	: yes
cpuid level	: 13
wp		: yes
flags		: fpu vme de pse tsc msr pae mce cx8 apic sep mtrr pge mca cmov pat pse36 clflush dts acpi mmx fxsr sse sse2 ss ht tm pbe syscall nx pdpe1gb rdtscp lm constant_tsc arch_perfmon pebs bts rep_good nopl xtopology nonstop_tsc aperfmperf eagerfpu pni pclmulqdq dtes64 monitor ds_cpl vmx est tm2 ssse3 sdbg fma cx16 xtpr pdcm pcid sse4_1 sse4_2 movbe popcnt tsc_deadline_timer aes xsave avx f16c rdrand lahf_lm abm epb tpr_shadow vnmi flexpriority ept vpid fsgsbase tsc_adjust bmi1 avx2 smep bmi2 erms invpcid xsaveopt dtherm ida arat pln pts
bugs		:
bogomips	: 4988.61
clflush size	: 64
cache_alignment	: 64
address sizes	: 39 bits physical, 48 bits virtual
power management:

processor	: 3
vendor_id	: GenuineIntel
cpu family	: 6
model		: 60
model name	: Intel(R) Core(TM) i5-4200M CPU @ 2.50GHz
stepping	: 3
microcode	: 0x9
cpu MHz		: 1034.277
cache size	: 3072 KB
physical id	: 0
siblings	: 4
core id		: 1
cpu cores	: 2
apicid		: 3
initial apicid	: 3
fpu		: yes
fpu_exception	: yes
cpuid level	: 13
wp		: yes
flags		: fpu vme de pse tsc msr pae mce cx8 apic sep mtrr pge mca cmov pat pse36 clflush dts acpi mmx fxsr sse sse2 ss ht tm pbe syscall nx pdpe1gb rdtscp lm constant_tsc arch_perfmon pebs bts rep_good nopl xtopology nonstop_tsc aperfmperf eagerfpu pni pclmulqdq dtes64 monitor ds_cpl vmx est tm2 ssse3 sdbg fma cx16 xtpr pdcm pcid sse4_1 sse4_2 movbe popcnt tsc_deadline_timer aes xsave avx f16c rdrand lahf_lm abm epb tpr_shadow vnmi flexpriority ept vpid fsgsbase tsc_adjust bmi1 avx2 smep bmi2 erms invpcid xsaveopt dtherm ida arat pln pts
bugs		:
bogomips	: 4988.61
clflush size	: 64
cache_alignment	: 64
address sizes	: 39 bits physical, 48 bits virtual
power management:



Memory: 4k page, physical 7927836k(145096k free), swap 0k(0k free)

vm_info: Java HotSpot(TM) 64-Bit Server VM (25.101-b13) for linux-amd64 JRE (1.8.0_101-b13), built on Jun 22 2016 02:59:44 by "java_re" with gcc 4.3.0 20080428 (Red Hat 4.3.0-8)

time: Thu Dec 22 15:25:04 2016
elapsed time: 96 seconds (0d 0h 1m 36s)

